<?xml version="1.0" encoding="UTF-8"?>
<!-- Generated by org.testng.reporters.JUnitXMLReporter -->
<testsuite ignored="15" hostname="Dattatray" failures="0" tests="1" name="Default test" time="14.703" errors="0" timestamp="2023-02-06T12:22:55 IST">
  <testcase classname="IJmeetProject.HomePageTests" name="invites" time="12.642"/>
  <testcase classname="IJmeetProject.HomePageTests" name="my_Account_ProfileInformation" time="0.0">
    <ignored/>
  </testcase> <!-- my_Account_ProfileInformation -->
  <testcase classname="IJmeetProject.HomePageTests" name="SignUpPage" time="0.0">
    <ignored/>
  </testcase> <!-- SignUpPage -->
  <testcase classname="IJmeetProject.HomePageTests" name="Sheduled_Webinars" time="0.0">
    <ignored/>
  </testcase> <!-- Sheduled_Webinars -->
  <testcase classname="IJmeetProject.HomePageTests" name="quick_meeting" time="0.0">
    <ignored/>
  </testcase> <!-- quick_meeting -->
  <testcase classname="IJmeetProject.HomePageTests" name="my_Account_LogOut" time="0.0">
    <ignored/>
  </testcase> <!-- my_Account_LogOut -->
  <testcase classname="IJmeetProject.HomePageTests" name="my_meeting" time="0.0">
    <ignored/>
  </testcase> <!-- my_meeting -->
  <testcase classname="IJmeetProject.HomePageTests" name="my_Account_Upcoming_Meeting" time="0.0">
    <ignored/>
  </testcase> <!-- my_Account_Upcoming_Meeting -->
  <testcase classname="IJmeetProject.HomePageTests" name="application" time="0.0">
    <ignored/>
  </testcase> <!-- application -->
  <testcase classname="IJmeetProject.HomePageTests" name="my_Account_Upcoming_Webinars" time="0.0">
    <ignored/>
  </testcase> <!-- my_Account_Upcoming_Webinars -->
  <testcase classname="IJmeetProject.HomePageTests" name="SignInIJmeetPage" time="0.0">
    <ignored/>
  </testcase> <!-- SignInIJmeetPage -->
  <testcase classname="IJmeetProject.HomePageTests" name="my_Account_ChangePassword" time="0.0">
    <ignored/>
  </testcase> <!-- my_Account_ChangePassword -->
  <testcase classname="IJmeetProject.HomePageTests" name="my_Account_Previous_Webinars" time="0.0">
    <ignored/>
  </testcase> <!-- my_Account_Previous_Webinars -->
  <testcase classname="IJmeetProject.HomePageTests" name="my_Account_Previous_Meeting" time="0.0">
    <ignored/>
  </testcase> <!-- my_Account_Previous_Meeting -->
  <testcase classname="IJmeetProject.HomePageTests" name="Sheduled_meeting" time="0.0">
    <ignored/>
  </testcase> <!-- Sheduled_meeting -->
  <testcase classname="IJmeetProject.HomePageTests" name="join_meeting" time="0.0">
    <ignored/>
  </testcase> <!-- join_meeting -->
</testsuite> <!-- Default test -->
