<?xml version="1.0" encoding="UTF-8"?>
<testng-results ignored="15" total="16" passed="1" failed="0" skipped="0">
  <reporter-output>
  </reporter-output>
  <suite started-at="2023-02-06T12:22:40 IST" name="Default suite" finished-at="2023-02-06T12:22:55 IST" duration-ms="14703">
    <groups>
    </groups>
    <test started-at="2023-02-06T12:22:40 IST" name="Default test" finished-at="2023-02-06T12:22:55 IST" duration-ms="14703">
      <class name="IJmeetProject.HomePageTests">
        <test-method is-config="true" signature="launchBrowser()[pri:0, instance:IJmeetProject.HomePageTests@3514a4c0]" started-at="2023-02-06T12:22:40 IST" name="launchBrowser" finished-at="2023-02-06T12:22:42 IST" duration-ms="1789" status="PASS">
          <reporter-output>
          </reporter-output>
        </test-method> <!-- launchBrowser -->
        <test-method signature="invites()[pri:0, instance:IJmeetProject.HomePageTests@3514a4c0]" started-at="2023-02-06T12:22:42 IST" name="invites" finished-at="2023-02-06T12:22:55 IST" duration-ms="12642" status="PASS">
          <reporter-output>
          </reporter-output>
        </test-method> <!-- invites -->
        <test-method is-config="true" signature="teardown()[pri:0, instance:IJmeetProject.HomePageTests@3514a4c0]" started-at="2023-02-06T12:22:55 IST" name="teardown" finished-at="2023-02-06T12:22:55 IST" duration-ms="234" status="PASS">
          <reporter-output>
          </reporter-output>
        </test-method> <!-- teardown -->
      </class> <!-- IJmeetProject.HomePageTests -->
    </test> <!-- Default test -->
  </suite> <!-- Default suite -->
</testng-results>
